<?xml version="1.0" encoding="UTF-8"?>
<!-- Generated by org.testng.reporters.JUnitXMLReporter -->
<testsuite hostname="DESKTOP-7SMJUAE" name="Default test" tests="2" failures="0" timestamp="28 May 2019 06:51:00 GMT" time="231.509" errors="0">
  <testcase name="verifyTitle" time="47.884" classname="com.capsulecrm.tests.PersonPageTest"/>
  <testcase name="verifyAddPerson" time="0.0" classname="com.capsulecrm.tests.PersonPageTest">
    <skipped/>
  </testcase> <!-- verifyAddPerson -->
</testsuite> <!-- Default test -->
