<?xml version="1.0" encoding="UTF-8"?>
<!-- Generated by org.testng.reporters.JUnitXMLReporter -->
<testsuite hostname="DESKTOP-7SMJUAE" name="Test" tests="9" failures="0" timestamp="31 May 2019 10:49:48 GMT" time="187.863" errors="0">
  <testcase name="varifyAccPage" time="0.13" classname="com.capsulecrm.tests.AccountSettingsPageTest"/>
  <testcase name="verifyAllSubPages" time="13.775" classname="com.capsulecrm.tests.AccountSettingsPageTest"/>
  <testcase name="verifyAppearancePage" time="7.242" classname="com.capsulecrm.tests.AccountSettingsPageTest"/>
  <testcase name="verifyUserPage" time="5.226" classname="com.capsulecrm.tests.AccountSettingsPageTest"/>
  <testcase name="verifyOpportunitiesPage" time="3.919" classname="com.capsulecrm.tests.AccountSettingsPageTest"/>
  <testcase name="verifyTracksPage" time="2.999" classname="com.capsulecrm.tests.AccountSettingsPageTest"/>
  <testcase name="verifyTaskCategoryPage" time="2.935" classname="com.capsulecrm.tests.AccountSettingsPageTest"/>
  <testcase name="verifyTagsPage" time="2.07" classname="com.capsulecrm.tests.AccountSettingsPageTest"/>
  <testcase name="verifyIntegrationsPage" time="18.32" classname="com.capsulecrm.tests.AccountSettingsPageTest"/>
</testsuite> <!-- Test -->
