<?xml version="1.0" encoding="UTF-8"?>
<!-- Generated by org.testng.reporters.JUnitXMLReporter -->
<testsuite hostname="DESKTOP-7SMJUAE" ignored="4" name="Test" tests="13" failures="0" timestamp="31 May 2019 10:57:08 GMT" time="282.8" errors="0">
  <testcase name="verifyPesrsonsTitle" time="0.74" classname="com.capsulecrm.tests.PersonPageTest"/>
  <testcase name="varifyCasesPageTitle" time="1.065" classname="com.capsulecrm.tests.CasesPageTest"/>
  <testcase name="varifyAccPage" time="0.141" classname="com.capsulecrm.tests.AccountSettingsPageTest"/>
  <testcase name="verifyAddPerson" time="8.768" classname="com.capsulecrm.tests.PersonPageTest"/>
  <testcase name="varifyCreateCases" time="7.417" classname="com.capsulecrm.tests.CasesPageTest"/>
  <testcase name="verifyAllSubPages" time="14.212" classname="com.capsulecrm.tests.AccountSettingsPageTest"/>
  <testcase name="verifyAppearancePage" time="8.309" classname="com.capsulecrm.tests.AccountSettingsPageTest"/>
  <testcase name="verifyUserPage" time="3.545" classname="com.capsulecrm.tests.AccountSettingsPageTest"/>
  <testcase name="verifyOpportunitiesPage" time="3.859" classname="com.capsulecrm.tests.AccountSettingsPageTest"/>
  <testcase name="verifyTracksPage" time="3.396" classname="com.capsulecrm.tests.AccountSettingsPageTest"/>
  <testcase name="verifyTaskCategoryPage" time="2.904" classname="com.capsulecrm.tests.AccountSettingsPageTest"/>
  <testcase name="verifyTagsPage" time="2.844" classname="com.capsulecrm.tests.AccountSettingsPageTest"/>
  <testcase name="verifyIntegrationsPage" time="28.409" classname="com.capsulecrm.tests.AccountSettingsPageTest"/>
  <testcase name="@AfterSuite reportsFlush" time="0.0" classname="com.capsulecrm.base.TestBase">
    <ignored/>
  </testcase> <!-- @AfterSuite reportsFlush -->
  <testcase name="@AfterSuite reportsFlush" time="0.0" classname="com.capsulecrm.base.TestBase">
    <ignored/>
  </testcase> <!-- @AfterSuite reportsFlush -->
  <testcase name="@BeforeSuite setUpReport" time="0.0" classname="com.capsulecrm.base.TestBase">
    <ignored/>
  </testcase> <!-- @BeforeSuite setUpReport -->
  <testcase name="@BeforeSuite setUpReport" time="0.0" classname="com.capsulecrm.base.TestBase">
    <ignored/>
  </testcase> <!-- @BeforeSuite setUpReport -->
</testsuite> <!-- Test -->
